<?xml version="1.0" encoding="UTF-8"?>
<!-- Generated by org.testng.reporters.JUnitReportReporter -->
<testsuite hostname="RESHMA-SIJISH" failures="0" tests="3" name="TestNG_deompackage.Parallel_Testing" time="21.714" errors="0" timestamp="2024-08-27T09:21:30 IST" skipped="0">
  <testcase classname="TestNG_deompackage.Parallel_Testing" name="flipkart" time="8.046"/>
  <system-out/>
  <testcase classname="TestNG_deompackage.Parallel_Testing" name="facebook" time="5.677"/>
  <system-out/>
  <testcase classname="TestNG_deompackage.Parallel_Testing" name="amazon" time="7.991"/>
  <system-out/>
</testsuite> <!-- TestNG_deompackage.Parallel_Testing -->
