<?xml version="1.0" encoding="UTF-8"?>
<!-- Generated by org.testng.reporters.JUnitReportReporter -->
<testsuite hostname="RESHMA-SIJISH" failures="0" tests="3" name="TestNG_deompackage.Fblogin" time="19.059" errors="0" timestamp="2024-08-27T09:13:01 IST" skipped="0">
  <testcase classname="TestNG_deompackage.Fblogin" name="f" time="6.861"/>
  <system-out/>
  <testcase classname="TestNG_deompackage.Fblogin" name="f" time="6.369"/>
  <system-out/>
  <testcase classname="TestNG_deompackage.Fblogin" name="f" time="5.829"/>
  <system-out/>
</testsuite> <!-- TestNG_deompackage.Fblogin -->
