<?xml version="1.0" encoding="UTF-8"?>
<!-- Generated by org.testng.reporters.JUnitReportReporter -->
<testsuite hostname="RESHMA-SIJISH" failures="0" tests="2" name="TestNG_deompackage.cross_browser_testing" time="9.606" errors="0" timestamp="2024-08-27T10:36:30 IST" skipped="0">
  <testcase classname="TestNG_deompackage.cross_browser_testing" name="testfacebooklogin" time="3.572"/>
  <system-out/>
  <testcase classname="TestNG_deompackage.cross_browser_testing" name="testfacebooklogin" time="6.034"/>
  <system-out/>
</testsuite> <!-- TestNG_deompackage.cross_browser_testing -->
